2022-09-30 08:25:53.375546+0800 0x6f       Default     0x0                  0      0    kernel: (AppleACPIPlatform) ACPI:
2022-09-30 08:25:53.375546+0800 0x6f       Default     0x0                  0      0    kernel: (AppleACPIPlatform) ACPI:
2022-09-30 08:25:53.375549+0800 0x6f       Default     0x0                  0      0    kernel: (AppleACPIPlatform) RSDP 0x0000000099256014 000024 (v02 ALASKA)
2022-09-30 08:25:53.375550+0800 0x6f       Default     0x0                  0      0    kernel: (AppleACPIPlatform) RSDP 0x0000000099256014 000024 (v02 ALASKA)
2022-09-30 08:25:53.375550+0800 0x6f       Default     0x0                  0      0    kernel: (AppleACPIPlatform) 
2022-09-30 08:25:53.375551+0800 0x6f       Default     0x0                  0      0    kernel: (AppleACPIPlatform) 
2022-09-30 08:25:53.375564+0800 0x6f       Default     0x0                  0      0    kernel: (AppleACPIPlatform) ACPI:
2022-09-30 08:25:53.375565+0800 0x6f       Default     0x0                  0      0    kernel: (AppleACPIPlatform) ACPI:
2022-09-30 08:25:53.375567+0800 0x6f       Default     0x0                  0      0    kernel: (AppleACPIPlatform) XSDT 0x0000000099239000 0000D4 (v01 ALASKA A M I    01072009 AMI  01000013)
2022-09-30 08:25:53.375567+0800 0x6f       Default     0x0                  0      0    kernel: (AppleACPIPlatform) XSDT 0x0000000099239000 0000D4 (v01 ALASKA A M I    01072009 AMI  01000013)
2022-09-30 08:25:53.375568+0800 0x6f       Default     0x0                  0      0    kernel: (AppleACPIPlatform) 
2022-09-30 08:25:53.375569+0800 0x6f       Default     0x0                  0      0    kernel: (AppleACPIPlatform) 
2022-09-30 08:25:53.375621+0800 0x6f       Default     0x0                  0      0    kernel: (AppleACPIPlatform) ACPI:
2022-09-30 08:25:53.375621+0800 0x6f       Default     0x0                  0      0    kernel: (AppleACPIPlatform) ACPI:
2022-09-30 08:25:53.375623+0800 0x6f       Default     0x0                  0      0    kernel: (AppleACPIPlatform) FACP 0x0000000098DDB000 000114 (v06 ALASKA A M I    01072009 AMI  00010013)
2022-09-30 08:25:53.375624+0800 0x6f       Default     0x0                  0      0    kernel: (AppleACPIPlatform) FACP 0x0000000098DDB000 000114 (v06 ALASKA A M I    01072009 AMI  00010013)
2022-09-30 08:25:53.375625+0800 0x6f       Default     0x0                  0      0    kernel: (AppleACPIPlatform) 
2022-09-30 08:25:53.375625+0800 0x6f       Default     0x0                  0      0    kernel: (AppleACPIPlatform) 
2022-09-30 08:25:53.396544+0800 0x6f       Default     0x0                  0      0    kernel: (AppleACPIPlatform) ACPI:
2022-09-30 08:25:53.396545+0800 0x6f       Default     0x0                  0      0    kernel: (AppleACPIPlatform) ACPI:
2022-09-30 08:25:53.396547+0800 0x6f       Default     0x0                  0      0    kernel: (AppleACPIPlatform) DSDT 0x0000000098DA3000 037A24 (v02 ALASKA A M I    01072009 INTL 20160527)
2022-09-30 08:25:53.396548+0800 0x6f       Default     0x0                  0      0    kernel: (AppleACPIPlatform) DSDT 0x0000000098DA3000 037A24 (v02 ALASKA A M I    01072009 INTL 20160527)
2022-09-30 08:25:53.396549+0800 0x6f       Default     0x0                  0      0    kernel: (AppleACPIPlatform) 
2022-09-30 08:25:53.396549+0800 0x6f       Default     0x0                  0      0    kernel: (AppleACPIPlatform) 
2022-09-30 08:25:53.396570+0800 0x6f       Default     0x0                  0      0    kernel: (AppleACPIPlatform) ACPI:
2022-09-30 08:25:53.396570+0800 0x6f       Default     0x0                  0      0    kernel: (AppleACPIPlatform) ACPI:
2022-09-30 08:25:53.396572+0800 0x6f       Default     0x0                  0      0    kernel: (AppleACPIPlatform) FACS 0x00000000992BA000 000040
2022-09-30 08:25:53.396573+0800 0x6f       Default     0x0                  0      0    kernel: (AppleACPIPlatform) FACS 0x00000000992BA000 000040
2022-09-30 08:25:53.396574+0800 0x6f       Default     0x0                  0      0    kernel: (AppleACPIPlatform) 
2022-09-30 08:25:53.396574+0800 0x6f       Default     0x0                  0      0    kernel: (AppleACPIPlatform) 
2022-09-30 08:25:53.396590+0800 0x6f       Default     0x0                  0      0    kernel: (AppleACPIPlatform) ACPI:
2022-09-30 08:25:53.396590+0800 0x6f       Default     0x0                  0      0    kernel: (AppleACPIPlatform) ACPI:
2022-09-30 08:25:53.396592+0800 0x6f       Default     0x0                  0      0    kernel: (AppleACPIPlatform) MCFG 0x0000000098DDF000 00003C (v01 ALASKA A M I    01072009 MSFT 00000097)
2022-09-30 08:25:53.396593+0800 0x6f       Default     0x0                  0      0    kernel: (AppleACPIPlatform) MCFG 0x0000000098DDF000 00003C (v01 ALASKA A M I    01072009 MSFT 00000097)
2022-09-30 08:25:53.396594+0800 0x6f       Default     0x0                  0      0    kernel: (AppleACPIPlatform) 
2022-09-30 08:25:53.396594+0800 0x6f       Default     0x0                  0      0    kernel: (AppleACPIPlatform) 
2022-09-30 08:25:53.397238+0800 0x6f       Default     0x0                  0      0    kernel: (AppleACPIPlatform) ACPI:
2022-09-30 08:25:53.397239+0800 0x6f       Default     0x0                  0      0    kernel: (AppleACPIPlatform) ACPI:
2022-09-30 08:25:53.397241+0800 0x6f       Default     0x0                  0      0    kernel: (AppleACPIPlatform) SSDT 0x0000000098DDC000 0020AD (v02 CpuRef CpuSsdt  00003000 INTL 20160527)
2022-09-30 08:25:53.397241+0800 0x6f       Default     0x0                  0      0    kernel: (AppleACPIPlatform) SSDT 0x0000000098DDC000 0020AD (v02 CpuRef CpuSsdt  00003000 INTL 20160527)
2022-09-30 08:25:53.397242+0800 0x6f       Default     0x0                  0      0    kernel: (AppleACPIPlatform) 
2022-09-30 08:25:53.397243+0800 0x6f       Default     0x0                  0      0    kernel: (AppleACPIPlatform) 
2022-09-30 08:25:53.397266+0800 0x6f       Default     0x0                  0      0    kernel: (AppleACPIPlatform) ACPI:
2022-09-30 08:25:53.397266+0800 0x6f       Default     0x0                  0      0    kernel: (AppleACPIPlatform) ACPI:
2022-09-30 08:25:53.397268+0800 0x6f       Default     0x0                  0      0    kernel: (AppleACPIPlatform) FIDT 0x0000000098DA2000 00009C (v01 ALASKA A M I    01072009 AMI  00010013)
2022-09-30 08:25:53.397269+0800 0x6f       Default     0x0                  0      0    kernel: (AppleACPIPlatform) FIDT 0x0000000098DA2000 00009C (v01 ALASKA A M I    01072009 AMI  00010013)
2022-09-30 08:25:53.397269+0800 0x6f       Default     0x0                  0      0    kernel: (AppleACPIPlatform) 
2022-09-30 08:25:53.397270+0800 0x6f       Default     0x0                  0      0    kernel: (AppleACPIPlatform) 
2022-09-30 08:25:53.397337+0800 0x6f       Default     0x0                  0      0    kernel: (AppleACPIPlatform) ACPI:
2022-09-30 08:25:53.397337+0800 0x6f       Default     0x0                  0      0    kernel: (AppleACPIPlatform) ACPI:
2022-09-30 08:25:53.397339+0800 0x6f       Default     0x0                  0      0    kernel: (AppleACPIPlatform) AAFT 0x0000000098DE1000 000300 (v01 ALASKA OEMAAFT  01072009 MSFT 00000097)
2022-09-30 08:25:53.397339+0800 0x6f       Default     0x0                  0      0    kernel: (AppleACPIPlatform) AAFT 0x0000000098DE1000 000300 (v01 ALASKA OEMAAFT  01072009 MSFT 00000097)
2022-09-30 08:25:53.397340+0800 0x6f       Default     0x0                  0      0    kernel: (AppleACPIPlatform) 
2022-09-30 08:25:53.397341+0800 0x6f       Default     0x0                  0      0    kernel: (AppleACPIPlatform) 
2022-09-30 08:25:53.398314+0800 0x6f       Default     0x0                  0      0    kernel: (AppleACPIPlatform) ACPI:
2022-09-30 08:25:53.398315+0800 0x6f       Default     0x0                  0      0    kernel: (AppleACPIPlatform) ACPI:
2022-09-30 08:25:53.398316+0800 0x6f       Default     0x0                  0      0    kernel: (AppleACPIPlatform) SSDT 0x0000000098D9E000 0031DA (v02 SaSsdt SaSsdt   00003000 INTL 20160527)
2022-09-30 08:25:53.398317+0800 0x6f       Default     0x0                  0      0    kernel: (AppleACPIPlatform) SSDT 0x0000000098D9E000 0031DA (v02 SaSsdt SaSsdt   00003000 INTL 20160527)
2022-09-30 08:25:53.398318+0800 0x6f       Default     0x0                  0      0    kernel: (AppleACPIPlatform) 
2022-09-30 08:25:53.398318+0800 0x6f       Default     0x0                  0      0    kernel: (AppleACPIPlatform) 
2022-09-30 08:25:53.399277+0800 0x6f       Default     0x0                  0      0    kernel: (AppleACPIPlatform) ACPI:
2022-09-30 08:25:53.399278+0800 0x6f       Default     0x0                  0      0    kernel: (AppleACPIPlatform) ACPI:
2022-09-30 08:25:53.399280+0800 0x6f       Default     0x0                  0      0    kernel: (AppleACPIPlatform) SSDT 0x0000000098D9B000 002703 (v02 Intel  PegSsdt  00001000 INTL 20160527)
2022-09-30 08:25:53.399281+0800 0x6f       Default     0x0                  0      0    kernel: (AppleACPIPlatform) SSDT 0x0000000098D9B000 002703 (v02 Intel  PegSsdt  00001000 INTL 20160527)
2022-09-30 08:25:53.399281+0800 0x6f       Default     0x0                  0      0    kernel: (AppleACPIPlatform) 
2022-09-30 08:25:53.399282+0800 0x6f       Default     0x0                  0      0    kernel: (AppleACPIPlatform) 
2022-09-30 08:25:53.399301+0800 0x6f       Default     0x0                  0      0    kernel: (AppleACPIPlatform) ACPI:
2022-09-30 08:25:53.399301+0800 0x6f       Default     0x0                  0      0    kernel: (AppleACPIPlatform) ACPI:
2022-09-30 08:25:53.399303+0800 0x6f       Default     0x0                  0      0    kernel: (AppleACPIPlatform) HPET 0x0000000098DE0000 000038 (v01 ALASKA A M I    01072009 AMI  01000013)
2022-09-30 08:25:53.399304+0800 0x6f       Default     0x0                  0      0    kernel: (AppleACPIPlatform) HPET 0x0000000098DE0000 000038 (v01 ALASKA A M I    01072009 AMI  01000013)
2022-09-30 08:25:53.399304+0800 0x6f       Default     0x0                  0      0    kernel: (AppleACPIPlatform) 
2022-09-30 08:25:53.399305+0800 0x6f       Default     0x0                  0      0    kernel: (AppleACPIPlatform) 
2022-09-30 08:25:53.400237+0800 0x6f       Default     0x0                  0      0    kernel: (AppleACPIPlatform) ACPI:
2022-09-30 08:25:53.400237+0800 0x6f       Default     0x0                  0      0    kernel: (AppleACPIPlatform) ACPI:
2022-09-30 08:25:53.400239+0800 0x6f       Default     0x0                  0      0    kernel: (AppleACPIPlatform) SSDT 0x0000000098D98000 002FB1 (v02 INTEL  xh_cmvd4 00000000 INTL 20160527)
2022-09-30 08:25:53.400240+0800 0x6f       Default     0x0                  0      0    kernel: (AppleACPIPlatform) SSDT 0x0000000098D98000 002FB1 (v02 INTEL  xh_cmvd4 00000000 INTL 20160527)
2022-09-30 08:25:53.400241+0800 0x6f       Default     0x0                  0      0    kernel: (AppleACPIPlatform) 
2022-09-30 08:25:53.400241+0800 0x6f       Default     0x0                  0      0    kernel: (AppleACPIPlatform) 
2022-09-30 08:25:53.400255+0800 0x6f       Default     0x0                  0      0    kernel: (AppleACPIPlatform) ACPI:
2022-09-30 08:25:53.400256+0800 0x6f       Default     0x0                  0      0    kernel: (AppleACPIPlatform) ACPI:
2022-09-30 08:25:53.400258+0800 0x6f       Default     0x0                  0      0    kernel: (AppleACPIPlatform) NHLT 0x0000000098D97000 00002D (v00 ALASKA A M I    01072009 AMI  01000013)
2022-09-30 08:25:53.400258+0800 0x6f       Default     0x0                  0      0    kernel: (AppleACPIPlatform) NHLT 0x0000000098D97000 00002D (v00 ALASKA A M I    01072009 AMI  01000013)
2022-09-30 08:25:53.400259+0800 0x6f       Default     0x0                  0      0    kernel: (AppleACPIPlatform) 
2022-09-30 08:25:53.400260+0800 0x6f       Default     0x0                  0      0    kernel: (AppleACPIPlatform) 
2022-09-30 08:25:53.400292+0800 0x6f       Default     0x0                  0      0    kernel: (AppleACPIPlatform) ACPI:
2022-09-30 08:25:53.400293+0800 0x6f       Default     0x0                  0      0    kernel: (AppleACPIPlatform) ACPI:
2022-09-30 08:25:53.400294+0800 0x6f       Default     0x0                  0      0    kernel: (AppleACPIPlatform) LPIT 0x0000000098D96000 000094 (v01 ALASKA A M I    01072009 AMI  01000013)
2022-09-30 08:25:53.400295+0800 0x6f       Default     0x0                  0      0    kernel: (AppleACPIPlatform) LPIT 0x0000000098D96000 000094 (v01 ALASKA A M I    01072009 AMI  01000013)
2022-09-30 08:25:53.400296+0800 0x6f       Default     0x0                  0      0    kernel: (AppleACPIPlatform) 
2022-09-30 08:25:53.400296+0800 0x6f       Default     0x0                  0      0    kernel: (AppleACPIPlatform) 
2022-09-30 08:25:53.401036+0800 0x6f       Default     0x0                  0      0    kernel: (AppleACPIPlatform) ACPI:
2022-09-30 08:25:53.401036+0800 0x6f       Default     0x0                  0      0    kernel: (AppleACPIPlatform) ACPI:
2022-09-30 08:25:53.401038+0800 0x6f       Default     0x0                  0      0    kernel: (AppleACPIPlatform) SSDT 0x0000000098D92000 0025B2 (v02 ALASKA TbtTypeC 00000000 INTL 20160527)
2022-09-30 08:25:53.401038+0800 0x6f       Default     0x0                  0      0    kernel: (AppleACPIPlatform) SSDT 0x0000000098D92000 0025B2 (v02 ALASKA TbtTypeC 00000000 INTL 20160527)
2022-09-30 08:25:53.401039+0800 0x6f       Default     0x0                  0      0    kernel: (AppleACPIPlatform) 
2022-09-30 08:25:53.401040+0800 0x6f       Default     0x0                  0      0    kernel: (AppleACPIPlatform) 
2022-09-30 08:25:53.401055+0800 0x6f       Default     0x0                  0      0    kernel: (AppleACPIPlatform) ACPI:
2022-09-30 08:25:53.401055+0800 0x6f       Default     0x0                  0      0    kernel: (AppleACPIPlatform) ACPI:
2022-09-30 08:25:53.401057+0800 0x6f       Default     0x0                  0      0    kernel: (AppleACPIPlatform) DBGP 0x0000000098D91000 000034 (v01 ALASKA A M I    01072009 AMI  01000013)
2022-09-30 08:25:53.401057+0800 0x6f       Default     0x0                  0      0    kernel: (AppleACPIPlatform) DBGP 0x0000000098D91000 000034 (v01 ALASKA A M I    01072009 AMI  01000013)
2022-09-30 08:25:53.401058+0800 0x6f       Default     0x0                  0      0    kernel: (AppleACPIPlatform) 
2022-09-30 08:25:53.401059+0800 0x6f       Default     0x0                  0      0    kernel: (AppleACPIPlatform) 
2022-09-30 08:25:53.401076+0800 0x6f       Default     0x0                  0      0    kernel: (AppleACPIPlatform) ACPI:
2022-09-30 08:25:53.401077+0800 0x6f       Default     0x0                  0      0    kernel: (AppleACPIPlatform) ACPI:
2022-09-30 08:25:53.401078+0800 0x6f       Default     0x0                  0      0    kernel: (AppleACPIPlatform) DBG2 0x0000000098D90000 000054 (v00 ALASKA A M I    01072009 AMI  01000013)
2022-09-30 08:25:53.401079+0800 0x6f       Default     0x0                  0      0    kernel: (AppleACPIPlatform) DBG2 0x0000000098D90000 000054 (v00 ALASKA A M I    01072009 AMI  01000013)
2022-09-30 08:25:53.401080+0800 0x6f       Default     0x0                  0      0    kernel: (AppleACPIPlatform) 
2022-09-30 08:25:53.401080+0800 0x6f       Default     0x0                  0      0    kernel: (AppleACPIPlatform) 
2022-09-30 08:25:53.401626+0800 0x6f       Default     0x0                  0      0    kernel: (AppleACPIPlatform) ACPI:
2022-09-30 08:25:53.401626+0800 0x6f       Default     0x0                  0      0    kernel: (AppleACPIPlatform) ACPI:
2022-09-30 08:25:53.401628+0800 0x6f       Default     0x0                  0      0    kernel: (AppleACPIPlatform) SSDT 0x0000000098D8E000 001B67 (v02 ALASKA UsbCTabl 00001000 INTL 20160527)
2022-09-30 08:25:53.401629+0800 0x6f       Default     0x0                  0      0    kernel: (AppleACPIPlatform) SSDT 0x0000000098D8E000 001B67 (v02 ALASKA UsbCTabl 00001000 INTL 20160527)
2022-09-30 08:25:53.401629+0800 0x6f       Default     0x0                  0      0    kernel: (AppleACPIPlatform) 
2022-09-30 08:25:53.401630+0800 0x6f       Default     0x0                  0      0    kernel: (AppleACPIPlatform) 
2022-09-30 08:25:53.401651+0800 0x6f       Default     0x0                  0      0    kernel: (AppleACPIPlatform) ACPI:
2022-09-30 08:25:53.401652+0800 0x6f       Default     0x0                  0      0    kernel: (AppleACPIPlatform) ACPI:
2022-09-30 08:25:53.401653+0800 0x6f       Default     0x0                  0      0    kernel: (AppleACPIPlatform) DMAR 0x0000000098D8D000 0000A8 (v01 INTEL  EDK2     00000002      01000013)
2022-09-30 08:25:53.401654+0800 0x6f       Default     0x0                  0      0    kernel: (AppleACPIPlatform) DMAR 0x0000000098D8D000 0000A8 (v01 INTEL  EDK2     00000002      01000013)
2022-09-30 08:25:53.401655+0800 0x6f       Default     0x0                  0      0    kernel: (AppleACPIPlatform) 
2022-09-30 08:25:53.401655+0800 0x6f       Default     0x0                  0      0    kernel: (AppleACPIPlatform) 
2022-09-30 08:25:53.406114+0800 0x6f       Default     0x0                  0      0    kernel: (AppleACPIPlatform) ACPI:
2022-09-30 08:25:53.406115+0800 0x6f       Default     0x0                  0      0    kernel: (AppleACPIPlatform) ACPI:
2022-09-30 08:25:53.406116+0800 0x6f       Default     0x0                  0      0    kernel: (AppleACPIPlatform) VFCT 0x0000000098D7E000 00E684 (v01 ALASKA A M I    00000001 AMD  31504F47)
2022-09-30 08:25:53.406117+0800 0x6f       Default     0x0                  0      0    kernel: (AppleACPIPlatform) VFCT 0x0000000098D7E000 00E684 (v01 ALASKA A M I    00000001 AMD  31504F47)
2022-09-30 08:25:53.406118+0800 0x6f       Default     0x0                  0      0    kernel: (AppleACPIPlatform) 
2022-09-30 08:25:53.406118+0800 0x6f       Default     0x0                  0      0    kernel: (AppleACPIPlatform) 
2022-09-30 08:25:53.406132+0800 0x6f       Default     0x0                  0      0    kernel: (AppleACPIPlatform) ACPI:
2022-09-30 08:25:53.406133+0800 0x6f       Default     0x0                  0      0    kernel: (AppleACPIPlatform) ACPI:
2022-09-30 08:25:53.406134+0800 0x6f       Default     0x0                  0      0    kernel: (AppleACPIPlatform) BGRT 0x0000000098D7D000 000038 (v01 ALASKA A M I    01072009 AMI  00010013)
2022-09-30 08:25:53.406135+0800 0x6f       Default     0x0                  0      0    kernel: (AppleACPIPlatform) BGRT 0x0000000098D7D000 000038 (v01 ALASKA A M I    01072009 AMI  00010013)
2022-09-30 08:25:53.406136+0800 0x6f       Default     0x0                  0      0    kernel: (AppleACPIPlatform) 
2022-09-30 08:25:53.406136+0800 0x6f       Default     0x0                  0      0    kernel: (AppleACPIPlatform) 
2022-09-30 08:25:53.406157+0800 0x6f       Default     0x0                  0      0    kernel: (AppleACPIPlatform) ACPI:
2022-09-30 08:25:53.406157+0800 0x6f       Default     0x0                  0      0    kernel: (AppleACPIPlatform) ACPI:
2022-09-30 08:25:53.406159+0800 0x6f       Default     0x0                  0      0    kernel: (AppleACPIPlatform) WSMT 0x0000000098D95000 000028 (v01 ALASKA A M I    01072009 AMI  00010013)
2022-09-30 08:25:53.406159+0800 0x6f       Default     0x0                  0      0    kernel: (AppleACPIPlatform) WSMT 0x0000000098D95000 000028 (v01 ALASKA A M I    01072009 AMI  00010013)
2022-09-30 08:25:53.406160+0800 0x6f       Default     0x0                  0      0    kernel: (AppleACPIPlatform) 
2022-09-30 08:25:53.406161+0800 0x6f       Default     0x0                  0      0    kernel: (AppleACPIPlatform) 
2022-09-30 08:25:53.406190+0800 0x6f       Default     0x0                  0      0    kernel: (AppleACPIPlatform) ACPI:
2022-09-30 08:25:53.406191+0800 0x6f       Default     0x0                  0      0    kernel: (AppleACPIPlatform) ACPI:
2022-09-30 08:25:53.406193+0800 0x6f       Default     0x0                  0      0    kernel: (AppleACPIPlatform) APIC 0x0000000098D7C000 0000F4 (v04 ALASKA A M I    01072009 AMI  00010013)
2022-09-30 08:25:53.406193+0800 0x6f       Default     0x0                  0      0    kernel: (AppleACPIPlatform) APIC 0x0000000098D7C000 0000F4 (v04 ALASKA A M I    01072009 AMI  00010013)
2022-09-30 08:25:53.406194+0800 0x6f       Default     0x0                  0      0    kernel: (AppleACPIPlatform) 
2022-09-30 08:25:53.406195+0800 0x6f       Default     0x0                  0      0    kernel: (AppleACPIPlatform) 
2022-09-30 08:25:53.406211+0800 0x6f       Default     0x0                  0      0    kernel: (AppleACPIPlatform) ACPI:
2022-09-30 08:25:53.406212+0800 0x6f       Default     0x0                  0      0    kernel: (AppleACPIPlatform) ACPI:
2022-09-30 08:25:53.406214+0800 0x6f       Default     0x0                  0      0    kernel: (AppleACPIPlatform) FPDT 0x0000000098D7B000 000044 (v01 ALASKA CML      01072009 AMI  01000013)
2022-09-30 08:25:53.406214+0800 0x6f       Default     0x0                  0      0    kernel: (AppleACPIPlatform) FPDT 0x0000000098D7B000 000044 (v01 ALASKA CML      01072009 AMI  01000013)
2022-09-30 08:25:53.406215+0800 0x6f       Default     0x0                  0      0    kernel: (AppleACPIPlatform) 
2022-09-30 08:25:53.406215+0800 0x6f       Default     0x0                  0      0    kernel: (AppleACPIPlatform) 
2022-09-30 08:25:53.406411+0800 0x6f       Default     0x0                  0      0    kernel: (AppleACPIPlatform) ACPI:
2022-09-30 08:25:53.406411+0800 0x6f       Default     0x0                  0      0    kernel: (AppleACPIPlatform) ACPI:
2022-09-30 08:25:53.406413+0800 0x6f       Default     0x0                  0      0    kernel: (AppleACPIPlatform) SSDT 0x000000009923A000 000983 (v02 ASRock P1.20    00000001 INTL 20200925)
2022-09-30 08:25:53.406414+0800 0x6f       Default     0x0                  0      0    kernel: (AppleACPIPlatform) SSDT 0x000000009923A000 000983 (v02 ASRock P1.20    00000001 INTL 20200925)
2022-09-30 08:25:53.406414+0800 0x6f       Default     0x0                  0      0    kernel: (AppleACPIPlatform) 
2022-09-30 08:25:53.406415+0800 0x6f       Default     0x0                  0      0    kernel: (AppleACPIPlatform) 
2022-09-30 08:25:53.452146+0800 0x6f       Default     0x0                  0      0    kernel: (AppleACPIPlatform) ACPI:
2022-09-30 08:25:53.452147+0800 0x6f       Default     0x0                  0      0    kernel: (AppleACPIPlatform) ACPI:
2022-09-30 08:25:53.452148+0800 0x6f       Default     0x0                  0      0    kernel: (AppleACPIPlatform) 8 ACPI AML tables successfully acquired and loaded
2022-09-30 08:25:53.452148+0800 0x6f       Default     0x0                  0      0    kernel: (AppleACPIPlatform) 8 ACPI AML tables successfully acquired and loaded
2022-09-30 08:25:53.452149+0800 0x6f       Default     0x0                  0      0    kernel: (AppleACPIPlatform) 
2022-09-30 08:25:53.452150+0800 0x6f       Default     0x0                  0      0    kernel: (AppleACPIPlatform) 
2022-09-30 08:25:53.455092+0800 0x90       Default     0x0                  0      0    kernel: (AppleACPIPlatform) AppleACPICPU: ProcessorId=1 LocalApicId=0 Enabled
2022-09-30 08:25:53.455095+0800 0x90       Default     0x0                  0      0    kernel: (AppleACPIPlatform) AppleACPICPU: ProcessorId=2 LocalApicId=2 Enabled
2022-09-30 08:25:53.455239+0800 0x90       Default     0x0                  0      0    kernel: (AppleACPIPlatform) AppleACPICPU: ProcessorId=3 LocalApicId=4 Enabled
2022-09-30 08:25:53.455246+0800 0x90       Default     0x0                  0      0    kernel: (AppleACPIPlatform) AppleACPICPU: ProcessorId=4 LocalApicId=6 Enabled
2022-09-30 08:25:53.455253+0800 0x90       Default     0x0                  0      0    kernel: (AppleACPIPlatform) AppleACPICPU: ProcessorId=5 LocalApicId=8 Enabled
2022-09-30 08:25:53.455260+0800 0x90       Default     0x0                  0      0    kernel: (AppleACPIPlatform) AppleACPICPU: ProcessorId=6 LocalApicId=10 Enabled
2022-09-30 08:25:53.455267+0800 0x90       Default     0x0                  0      0    kernel: (AppleACPIPlatform) AppleACPICPU: ProcessorId=7 LocalApicId=1 Enabled
2022-09-30 08:25:53.455274+0800 0x90       Default     0x0                  0      0    kernel: (AppleACPIPlatform) AppleACPICPU: ProcessorId=8 LocalApicId=3 Enabled
2022-09-30 08:25:53.455280+0800 0x90       Default     0x0                  0      0    kernel: (AppleACPIPlatform) AppleACPICPU: ProcessorId=9 LocalApicId=5 Enabled
2022-09-30 08:25:53.455287+0800 0x90       Default     0x0                  0      0    kernel: (AppleACPIPlatform) AppleACPICPU: ProcessorId=10 LocalApicId=7 Enabled
2022-09-30 08:25:53.455293+0800 0x90       Default     0x0                  0      0    kernel: (AppleACPIPlatform) AppleACPICPU: ProcessorId=11 LocalApicId=9 Enabled
2022-09-30 08:25:53.455298+0800 0x90       Default     0x0                  0      0    kernel: (AppleACPIPlatform) AppleACPICPU: ProcessorId=12 LocalApicId=11 Enabled
2022-09-30 08:25:53.501346+0800 0x6f       Default     0x0                  0      0    kernel: (AppleACPIPlatform) ACPI:
2022-09-30 08:25:53.501347+0800 0x6f       Default     0x0                  0      0    kernel: (AppleACPIPlatform) ACPI:
2022-09-30 08:25:53.501348+0800 0x6f       Default     0x0                  0      0    kernel: (AppleACPIPlatform) Executed 37 blocks of module-level executable AML code
2022-09-30 08:25:53.501350+0800 0x6f       Default     0x0                  0      0    kernel: (AppleACPIPlatform) Executed 37 blocks of module-level executable AML code
2022-09-30 08:25:53.501351+0800 0x6f       Default     0x0                  0      0    kernel: (AppleACPIPlatform) 
2022-09-30 08:25:53.501351+0800 0x6f       Default     0x0                  0      0    kernel: (AppleACPIPlatform) 
2022-09-30 08:25:53.514849+0800 0x6f       Default     0x0                  0      0    kernel: (AppleACPIPlatform) ACPI: sleep states S3 S4 S5
2022-09-30 08:25:53.560778+0800 0x75       Default     0x0                  0      0    kernel: (AppleACPIPlatform) Matched against SMC (started)
2022-09-30 08:25:53.560780+0800 0x75       Default     0x0                  0      0    kernel: (AppleACPIPlatform) Generation from SMC report as 2
2022-09-30 08:25:53.572804+0800 0x75       Default     0x0                  0      0    kernel: (AppleACPIPlatform)  found RTC service
2022-09-30 08:25:53.593839+0800 0x75       Default     0x0                  0      0    kernel: Got boot device = IOService:/AppleACPIPlatformExpert/PCI0@0/AppleACPIPCI/RP21@1B,4/IOPP/ANS1@0/IONVMeController/IONVMeBlockStorageDevice@1/IOBlockStorageDriver/KINGSTON SA2000M8500G Media/IOGUIDPartitionScheme/Untitled 2@2/AppleAPFSContainerScheme/AppleAPFSMedia/AppleAPFSContainer/Macintosh@5
gpu 0xc4da        pci 0x100000230 IOService:/AppleACPIPlatformExpert/PCI0@0/AppleACPIPCI/IGPU@2
gpu 0xb609        pci 0x1000001e8 IOService:/AppleACPIPlatformExpert/PCI0@0/AppleACPIPCI/PEG0@1/IOPP/EGP0@0/IOPP/EGP1@0/IOPP/GFX0@0
gpu 0xc4da        pci 0x100000230 IOService:/AppleACPIPlatformExpert/PCI0@0/AppleACPIPCI/IGPU@2
2022-09-30 08:25:57.104484+0800 0x3ce      Default     0x0                  92     0    kernelmanagerd: Received kext load notification: com.apple.driver.AppleACPIPlatform
gpu 0xb609        pci 0x1000001e8 IOService:/AppleACPIPlatformExpert/PCI0@0/AppleACPIPCI/PEG0@1/IOPP/EGP0@0/IOPP/EGP1@0/IOPP/GFX0@0
gpu 0xc4da        pci 0x100000230 IOService:/AppleACPIPlatformExpert/PCI0@0/AppleACPIPCI/IGPU@2
gpu 0xb609        pci 0x1000001e8 IOService:/AppleACPIPlatformExpert/PCI0@0/AppleACPIPCI/PEG0@1/IOPP/EGP0@0/IOPP/EGP1@0/IOPP/GFX0@0
gpu 0xb609        pci 0x1000001e8 IOService:/AppleACPIPlatformExpert/PCI0@0/AppleACPIPCI/PEG0@1/IOPP/EGP0@0/IOPP/EGP1@0/IOPP/GFX0@0
2022-09-30 08:25:58.287474+0800 0x343      Default     0x0                  131    7    WindowServer: (CoreDisplay) [com.apple.CoreDisplay:default] [WARN] - IOFBSetDisplayModeAndDepth: IOService:/AppleACPIPlatformExpert/PCI0@0/AppleACPIPCI/PEG0@1/IOPP/EGP0@0/IOPP/EGP1@0/IOPP/GFX0@0-4c2d-c4d-88fe8ef79c003c8c
2022-09-30 08:25:58.306473+0800 0x343      Default     0x0                  131    7    WindowServer: (CoreDisplay) [com.apple.CoreDisplay:default] [WARN] - IOFBSetDisplayModeAndDepth: IOService:/AppleACPIPlatformExpert/PCI0@0/AppleACPIPCI/PEG0@1/IOPP/EGP0@0/IOPP/EGP1@0/IOPP/GFX0@0-4c2d-c4d-88fe8ef79c003c8c
2022-09-30 08:26:00.336359+0800 0x343      Default     0x0                  131    7    WindowServer: (CoreDisplay) [com.apple.CoreDisplay:default] [WARN] - IOFBSetDisplayModeAndDepth: IOService:/AppleACPIPlatformExpert/PCI0@0/AppleACPIPCI/PEG0@1/IOPP/EGP0@0/IOPP/EGP1@0/IOPP/GFX0@0-4c2d-c4d-88fe8ef79c003c8c
2022-09-30 08:26:00.417881+0800 0x343      Default     0x0                  131    7    WindowServer: (CoreDisplay) [com.apple.CoreDisplay:default] [WARN] - IOFBSetDisplayModeAndDepth: IOService:/AppleACPIPlatformExpert/PCI0@0/AppleACPIPCI/PEG0@1/IOPP/EGP0@0/IOPP/EGP1@0/IOPP/GFX0@0-4c2d-c4d-88fe8ef79c003c8c
2022-09-30 08:26:00.483694+0800 0x343      Default     0x0                  131    7    WindowServer: (CoreDisplay) [com.apple.CoreDisplay:default] [WARN] - IOFBSetDisplayModeAndDepth: IOService:/AppleACPIPlatformExpert/PCI0@0/AppleACPIPCI/PEG0@1/IOPP/EGP0@0/IOPP/EGP1@0/IOPP/GFX0@0-4c2d-c4d-88fe8ef79c003c8c
2022-09-30 08:26:01.519653+0800 0x343      Default     0x0                  131    7    WindowServer: (CoreDisplay) [com.apple.CoreDisplay:default] [WARN] - IOFBSetDisplayModeAndDepth: IOService:/AppleACPIPlatformExpert/PCI0@0/AppleACPIPCI/PEG0@1/IOPP/EGP0@0/IOPP/EGP1@0/IOPP/GFX0@0-4c2d-c4d-88fe8ef79c003c8c
gpu 0xc4da        pci 0x100000230 IOService:/AppleACPIPlatformExpert/PCI0@0/AppleACPIPCI/IGPU@2
gpu 0xb609        pci 0x1000001e8 IOService:/AppleACPIPlatformExpert/PCI0@0/AppleACPIPCI/PEG0@1/IOPP/EGP0@0/IOPP/EGP1@0/IOPP/GFX0@0
gpu 0xc4da        pci 0x100000230 IOService:/AppleACPIPlatformExpert/PCI0@0/AppleACPIPCI/IGPU@2
gpu 0xb609        pci 0x1000001e8 IOService:/AppleACPIPlatformExpert/PCI0@0/AppleACPIPCI/PEG0@1/IOPP/EGP0@0/IOPP/EGP1@0/IOPP/GFX0@0
gpu 0xc4da        pci 0x100000230 IOService:/AppleACPIPlatformExpert/PCI0@0/AppleACPIPCI/IGPU@2
gpu 0xb609        pci 0x1000001e8 IOService:/AppleACPIPlatformExpert/PCI0@0/AppleACPIPCI/PEG0@1/IOPP/EGP0@0/IOPP/EGP1@0/IOPP/GFX0@0
